[12/Mar/2015:15:13:19] ENGINE Bus STARTING
[12/Mar/2015:15:13:19] ENGINE Started monitor thread '_TimeoutMonitor'.
[12/Mar/2015:15:13:19] ENGINE Started monitor thread 'Autoreloader'.
[12/Mar/2015:15:13:19] ENGINE Serving on 127.0.0.1:8082
[12/Mar/2015:15:13:19] ENGINE Bus STARTED
[12/Mar/2015:15:13:50] HTTP Traceback (most recent call last):
  File "/usr/lib/python2.6/site-packages/cherrypy/_cprequest.py", line 656, in respond
    response.body = self.handler()
  File "/usr/lib/python2.6/site-packages/cherrypy/lib/encoding.py", line 188, in __call__
    self.body = self.oldhandler(*args, **kwargs)
  File "/usr/lib/python2.6/site-packages/cherrypy/_cpdispatch.py", line 34, in __call__
    return self.callable(*self.args, **self.kwargs)
  File "/home/jmorales/fermi-dev/osg/graphtool/src/graphtool/web/__init__.py", line 77, in content_func
    results = func( *args, **kw )
  File "/home/jmorales/fermi-dev/osg/graphtool/src/graphtool/base/iterator.py", line 69, in run
    results, metadata = cmd_func( *cmd_args, **kw )
  File "/home/jmorales/fermi-dev/osg/graphtool/src/graphtool/database/queries.py", line 77, in __call__
    return self.query( *args, **kw )
  File "/home/jmorales/fermi-dev/osg/graphtool/src/graphtool/database/queries.py", line 163, in query
    if has_multiprocessing and len(results) > 5000:
UnboundLocalError: local variable 'results' referenced before assignment

[12/Mar/2015:15:13:50] HTTP 
Request Headers:
  REFERER: http://localhost:8082/xml
  HOST: localhost:8082
  CONNECTION: keep-alive
  Remote-Addr: 127.0.0.1
  ACCEPT: text/html,application/xhtml+xml,application/xml;q=0.9,*/*;q=0.8
  USER-AGENT: Mozilla/5.0 (X11; Linux x86_64; rv:31.0) Gecko/20100101 Firefox/31.0
  ACCEPT-LANGUAGE: en-US,en;q=0.5
  ACCEPT-ENCODING: gzip, deflate
[12/Mar/2015:15:15:39] ENGINE Restarting because /home/jmorales/fermi-dev/osg/graphtool/src/graphtool/database/queries.py changed.
[12/Mar/2015:15:15:39] ENGINE Stopped thread 'Autoreloader'.
[12/Mar/2015:15:15:39] ENGINE Bus STOPPING
[12/Mar/2015:15:15:39] ENGINE HTTP Server cherrypy._cpwsgi_server.CPWSGIServer(('127.0.0.1', 8082)) shut down
[12/Mar/2015:15:15:39] ENGINE Stopped thread '_TimeoutMonitor'.
[12/Mar/2015:15:15:39] ENGINE Bus STOPPED
[12/Mar/2015:15:15:39] ENGINE Bus EXITING
[12/Mar/2015:15:15:39] ENGINE Bus EXITED
[12/Mar/2015:15:15:39] ENGINE Waiting for child threads to terminate...
[12/Mar/2015:15:15:39] ENGINE Re-spawning /home/jmorales/fermi-dev/osg/graphtool/examples/example/tools/graphtool-example.py
[12/Mar/2015:15:15:39] ENGINE Bus STARTING
[12/Mar/2015:15:15:39] ENGINE Started monitor thread '_TimeoutMonitor'.
[12/Mar/2015:15:15:39] ENGINE Started monitor thread 'Autoreloader'.
[12/Mar/2015:15:15:39] ENGINE Serving on 127.0.0.1:8082
[12/Mar/2015:15:15:39] ENGINE Bus STARTED
[12/Mar/2015:15:15:44] ENGINE Bus STARTING
[12/Mar/2015:15:15:44] ENGINE Started monitor thread '_TimeoutMonitor'.
[12/Mar/2015:15:15:44] ENGINE Started monitor thread 'Autoreloader'.
[12/Mar/2015:15:15:44] ENGINE Serving on 127.0.0.1:8082
[12/Mar/2015:15:15:44] ENGINE Bus STARTED
[12/Mar/2015:15:15:48] HTTP Traceback (most recent call last):
  File "/usr/lib/python2.6/site-packages/cherrypy/_cprequest.py", line 656, in respond
    response.body = self.handler()
  File "/usr/lib/python2.6/site-packages/cherrypy/lib/encoding.py", line 188, in __call__
    self.body = self.oldhandler(*args, **kwargs)
  File "/usr/lib/python2.6/site-packages/cherrypy/_cpdispatch.py", line 34, in __call__
    return self.callable(*self.args, **self.kwargs)
  File "/home/jmorales/fermi-dev/osg/graphtool/src/graphtool/web/__init__.py", line 77, in content_func
    results = func( *args, **kw )
  File "/home/jmorales/fermi-dev/osg/graphtool/src/graphtool/base/iterator.py", line 69, in run
    results, metadata = cmd_func( *cmd_args, **kw )
  File "/home/jmorales/fermi-dev/osg/graphtool/src/graphtool/database/queries.py", line 77, in __call__
    return self.query( *args, **kw )
  File "/home/jmorales/fermi-dev/osg/graphtool/src/graphtool/database/queries.py", line 164, in query
    if has_multiprocessing and len(results) > 5000:
TypeError: object of type 'NoneType' has no len()

[12/Mar/2015:15:15:48] HTTP 
Request Headers:
  REFERER: http://localhost:8082/xml
  HOST: localhost:8082
  CONNECTION: keep-alive
  CACHE-CONTROL: max-age=0
  Remote-Addr: 127.0.0.1
  ACCEPT: text/html,application/xhtml+xml,application/xml;q=0.9,*/*;q=0.8
  USER-AGENT: Mozilla/5.0 (X11; Linux x86_64; rv:31.0) Gecko/20100101 Firefox/31.0
  ACCEPT-LANGUAGE: en-US,en;q=0.5
  ACCEPT-ENCODING: gzip, deflate
[12/Mar/2015:15:15:55] ENGINE Restarting because /home/jmorales/fermi-dev/osg/graphtool/src/graphtool/database/queries.py changed.
[12/Mar/2015:15:15:55] ENGINE Stopped thread 'Autoreloader'.
[12/Mar/2015:15:15:55] ENGINE Bus STOPPING
[12/Mar/2015:15:15:58] HTTP Traceback (most recent call last):
  File "/usr/lib/python2.6/site-packages/cherrypy/_cprequest.py", line 656, in respond
    response.body = self.handler()
  File "/usr/lib/python2.6/site-packages/cherrypy/lib/encoding.py", line 188, in __call__
    self.body = self.oldhandler(*args, **kwargs)
  File "/usr/lib/python2.6/site-packages/cherrypy/_cpdispatch.py", line 34, in __call__
    return self.callable(*self.args, **self.kwargs)
  File "/home/jmorales/fermi-dev/osg/graphtool/src/graphtool/web/__init__.py", line 77, in content_func
    results = func( *args, **kw )
  File "/home/jmorales/fermi-dev/osg/graphtool/src/graphtool/base/iterator.py", line 69, in run
    results, metadata = cmd_func( *cmd_args, **kw )
  File "/home/jmorales/fermi-dev/osg/graphtool/src/graphtool/database/queries.py", line 77, in __call__
    return self.query( *args, **kw )
  File "/home/jmorales/fermi-dev/osg/graphtool/src/graphtool/database/queries.py", line 164, in query
    if has_multiprocessing and len(results) > 5000:
TypeError: object of type 'NoneType' has no len()

[12/Mar/2015:15:15:58] HTTP 
Request Headers:
  REFERER: http://localhost:8082/xml
  HOST: localhost:8082
  CONNECTION: keep-alive
  CACHE-CONTROL: max-age=0
  Remote-Addr: 127.0.0.1
  ACCEPT: text/html,application/xhtml+xml,application/xml;q=0.9,*/*;q=0.8
  USER-AGENT: Mozilla/5.0 (X11; Linux x86_64; rv:31.0) Gecko/20100101 Firefox/31.0
  ACCEPT-LANGUAGE: en-US,en;q=0.5
  ACCEPT-ENCODING: gzip, deflate
[12/Mar/2015:15:16:00] HTTP Traceback (most recent call last):
  File "/usr/lib/python2.6/site-packages/cherrypy/_cprequest.py", line 656, in respond
    response.body = self.handler()
  File "/usr/lib/python2.6/site-packages/cherrypy/lib/encoding.py", line 188, in __call__
    self.body = self.oldhandler(*args, **kwargs)
  File "/usr/lib/python2.6/site-packages/cherrypy/_cpdispatch.py", line 34, in __call__
    return self.callable(*self.args, **self.kwargs)
  File "/home/jmorales/fermi-dev/osg/graphtool/src/graphtool/web/__init__.py", line 77, in content_func
    results = func( *args, **kw )
  File "/home/jmorales/fermi-dev/osg/graphtool/src/graphtool/base/iterator.py", line 69, in run
    results, metadata = cmd_func( *cmd_args, **kw )
  File "/home/jmorales/fermi-dev/osg/graphtool/src/graphtool/database/queries.py", line 77, in __call__
    return self.query( *args, **kw )
  File "/home/jmorales/fermi-dev/osg/graphtool/src/graphtool/database/queries.py", line 164, in query
    if has_multiprocessing and len(results) > 5000:
TypeError: object of type 'NoneType' has no len()

[12/Mar/2015:15:16:00] HTTP 
Request Headers:
  REFERER: http://localhost:8082/xml
  HOST: localhost:8082
  CONNECTION: keep-alive
  CACHE-CONTROL: max-age=0
  Remote-Addr: 127.0.0.1
  ACCEPT: text/html,application/xhtml+xml,application/xml;q=0.9,*/*;q=0.8
  USER-AGENT: Mozilla/5.0 (X11; Linux x86_64; rv:31.0) Gecko/20100101 Firefox/31.0
  ACCEPT-LANGUAGE: en-US,en;q=0.5
  ACCEPT-ENCODING: gzip, deflate
[12/Mar/2015:15:16:00] ENGINE HTTP Server cherrypy._cpwsgi_server.CPWSGIServer(('127.0.0.1', 8082)) shut down
[12/Mar/2015:15:16:00] ENGINE Stopped thread '_TimeoutMonitor'.
[12/Mar/2015:15:16:00] ENGINE Bus STOPPED
[12/Mar/2015:15:16:00] ENGINE Bus EXITING
[12/Mar/2015:15:16:00] ENGINE Bus EXITED
[12/Mar/2015:15:16:00] ENGINE Waiting for child threads to terminate...
[12/Mar/2015:15:16:00] ENGINE Re-spawning /home/jmorales/fermi-dev/osg/graphtool/examples/example/tools/graphtool-example.py
[12/Mar/2015:15:16:00] ENGINE Bus STARTING
[12/Mar/2015:15:16:00] ENGINE Started monitor thread '_TimeoutMonitor'.
[12/Mar/2015:15:16:00] ENGINE Started monitor thread 'Autoreloader'.
[12/Mar/2015:15:16:00] ENGINE Serving on 127.0.0.1:8082
[12/Mar/2015:15:16:00] ENGINE Bus STARTED
[17/Mar/2015:15:21:58] ENGINE Bus STARTING
[17/Mar/2015:15:21:58] ENGINE Started monitor thread '_TimeoutMonitor'.
[17/Mar/2015:15:21:58] ENGINE Started monitor thread 'Autoreloader'.
[17/Mar/2015:15:21:58] ENGINE Serving on 127.0.0.1:8082
[17/Mar/2015:15:21:58] ENGINE Bus STARTED
